{"filename":"fnDAO.js","level":"info","message":"post_reservation","timestamp":"2022-02-10T09:40:52.900Z"}
{"filename":"fnDAO.js","funcName":"post_reservation","level":"error","message":"ill-defined parameters","timestamp":"2022-02-10T09:40:52.902Z"}
{"filename":"fnDAO.js","level":"info","message":"post_reservation","timestamp":"2022-02-10T09:40:52.905Z"}
{"filename":"fnDAO.js","funcName":"post_reservation","level":"error","message":"ill-defined parameters","timestamp":"2022-02-10T09:40:52.906Z"}
{"filename":"fnDAO.js","level":"info","message":"post_reservation","timestamp":"2022-02-10T09:40:52.907Z"}
{"filename":"fnDAO.js","funcName":"post_reservation","level":"error","message":"ill-defined parameters","timestamp":"2022-02-10T09:40:52.907Z"}
{"filename":"fnDAO.js","level":"info","message":"post_reservation","timestamp":"2022-02-10T09:40:52.908Z"}
{"filename":"fnDAO.js","funcName":"post_reservation -> post_reservation","level":"info","message":"query successful","timestamp":"2022-02-10T09:40:53.039Z"}
{"filename":"fnDAO.js","funcName":"post_reservation -> post_reservation","level":"info","message":[{"id":66}],"timestamp":"2022-02-10T09:40:53.039Z"}
{"filename":"fnDAO.js","funcName":"post_reservation -> post_reserved_tables","level":"info","message":"query successful","timestamp":"2022-02-10T09:40:53.042Z"}
{"filename":"fnDAO.js","funcName":"post_reservation -> post_reserved_tables","level":"info","message":[],"timestamp":"2022-02-10T09:40:53.042Z"}
{"filename":"fnDAO.js","funcName":"post_reservation -> post_party","level":"info","message":"query successful","timestamp":"2022-02-10T09:40:53.045Z"}
{"filename":"fnDAO.js","funcName":"post_reservation -> post_party","level":"info","message":[],"timestamp":"2022-02-10T09:40:53.045Z"}
{"filename":"fnDAO.js","funcName":"post_reservation -> post_party","level":"info","message":"find_reservation","timestamp":"2022-02-10T09:40:53.045Z"}
{"filename":"fnDAO.js","funcName":"find_reservation","level":"info","message":"query successful","timestamp":"2022-02-10T09:40:53.048Z"}
{"filename":"fnDAO.js","funcName":"find_reservation","level":"info","message":[{"end_time":"2022-02-11T04:30:00.000Z","id":66,"start_time":"2022-02-11T02:30:00.000Z","ts_cancelled":null,"ts_created":"2022-02-10T09:40:53.026Z"}],"timestamp":"2022-02-10T09:40:53.048Z"}
{"filename":"fnDAO.js","funcName":"find_reservation","level":"info","message":"find_reservation","timestamp":"2022-02-10T09:40:53.051Z"}
{"filename":"fnDAO.js","funcName":"find_reservation","level":"error","message":"ill-defined parameters","timestamp":"2022-02-10T09:40:53.051Z"}
{"filename":"fnDAO.js","funcName":"find_reservation","level":"info","message":"find_reservation","timestamp":"2022-02-10T09:40:53.052Z"}
{"filename":"fnDAO.js","funcName":"find_reservation","level":"info","message":"query successful","timestamp":"2022-02-10T09:40:53.053Z"}
{"filename":"fnDAO.js","funcName":"find_reservation","level":"info","message":[{"end_time":"2022-02-11T04:30:00.000Z","id":66,"start_time":"2022-02-11T02:30:00.000Z","ts_cancelled":null,"ts_created":"2022-02-10T09:40:53.026Z"}],"timestamp":"2022-02-10T09:40:53.053Z"}
{"filename":"fnDAO.js","funcName":"find_reservation","level":"info","message":"get_dietary_restrictions","timestamp":"2022-02-10T09:40:53.055Z"}
{"filename":"fnDAO.js","funcName":"get_dietary_restrictions","level":"error","message":"ill-defined parameters","timestamp":"2022-02-10T09:40:53.055Z"}
{"filename":"fnDAO.js","funcName":"find_reservation","level":"info","message":"get_dietary_restrictions","timestamp":"2022-02-10T09:40:53.056Z"}
{"filename":"fnDAO.js","funcName":"get_dietary_restrictions","level":"info","message":"query successful","timestamp":"2022-02-10T09:40:53.060Z"}
{"filename":"fnDAO.js","funcName":"get_dietary_restrictions","level":"info","message":[{"bit_or":2}],"timestamp":"2022-02-10T09:40:53.060Z"}
{"filename":"fnDAO.js","funcName":"get_dietary_restrictions","level":"info","message":"get_dietary_restrictions","timestamp":"2022-02-10T09:40:53.061Z"}
{"filename":"fnDAO.js","funcName":"get_dietary_restrictions","level":"info","message":"query successful","timestamp":"2022-02-10T09:40:53.062Z"}
{"filename":"fnDAO.js","funcName":"get_dietary_restrictions","level":"info","message":[{"bit_or":7}],"timestamp":"2022-02-10T09:40:53.062Z"}
{"filename":"fnDAO.js","funcName":"get_dietary_restrictions","level":"info","message":"get_viable_restaurants","timestamp":"2022-02-10T09:40:53.064Z"}
{"filename":"fnDAO.js","funcName":"get_viable_restaurants","level":"error","message":"ill-defined parameters","timestamp":"2022-02-10T09:40:53.064Z"}
{"filename":"fnDAO.js","funcName":"get_dietary_restrictions","level":"info","message":"get_viable_restaurants","timestamp":"2022-02-10T09:40:53.065Z"}
{"filename":"fnDAO.js","funcName":"get_viable_restaurants","level":"info","message":"query successful","timestamp":"2022-02-10T09:40:53.069Z"}
{"filename":"fnDAO.js","funcName":"get_viable_restaurants","level":"info","message":[{"diet_restrict":3,"id":2,"name":"Panaderia Rosetta"}],"timestamp":"2022-02-10T09:40:53.069Z"}
{"filename":"fnDAO.js","funcName":"get_viable_restaurants","level":"info","message":"get_available_restaurants","timestamp":"2022-02-10T09:40:53.071Z"}
{"filename":"fnDAO.js","funcName":"get_available_restaurants","level":"error","message":"ill-defined parameters","timestamp":"2022-02-10T09:40:53.072Z"}
{"filename":"fnDAO.js","funcName":"get_viable_restaurants","level":"info","message":"get_available_restaurants","timestamp":"2022-02-10T09:40:53.072Z"}
{"filename":"fnDAO.js","funcName":"get_available_restaurants","level":"error","message":"ill-defined parameters","timestamp":"2022-02-10T09:40:53.072Z"}
{"filename":"fnDAO.js","funcName":"get_viable_restaurants","level":"info","message":"get_available_restaurants","timestamp":"2022-02-10T09:40:53.072Z"}
{"filename":"fnDAO.js","funcName":"get_available_restaurants","level":"error","message":"ill-defined parameters","timestamp":"2022-02-10T09:40:53.072Z"}
{"filename":"fnDAO.js","funcName":"get_viable_restaurants","level":"info","message":"get_available_restaurants","timestamp":"2022-02-10T09:40:53.073Z"}
{"filename":"fnDAO.js","funcName":"get_available_restaurants","level":"info","message":"query successful","timestamp":"2022-02-10T09:40:53.079Z"}
{"filename":"fnDAO.js","funcName":"get_available_restaurants","level":"info","message":[],"timestamp":"2022-02-10T09:40:53.079Z"}
{"filename":"fnDAO.js","funcName":"get_available_restaurants","level":"info","message":"get_available_restaurants","timestamp":"2022-02-10T09:40:53.080Z"}
{"filename":"fnDAO.js","funcName":"get_available_restaurants","level":"info","message":"query successful","timestamp":"2022-02-10T09:40:53.081Z"}
{"filename":"fnDAO.js","funcName":"get_available_restaurants","level":"info","message":[{"capacity":"Lardo","id":1},{"capacity":"Panaderia Rosetta","id":2},{"capacity":"Tetetlan","id":3}],"timestamp":"2022-02-10T09:40:53.081Z"}
{"filename":"fnDAO.js","funcName":"get_available_restaurants","level":"info","message":"get_available_tables","timestamp":"2022-02-10T09:40:53.083Z"}
{"filename":"fnDAO.js","funcName":"get_available_tables","level":"error","message":"ill-defined parameters","timestamp":"2022-02-10T09:40:53.083Z"}
{"filename":"fnDAO.js","funcName":"get_available_restaurants","level":"info","message":"get_available_tables","timestamp":"2022-02-10T09:40:53.084Z"}
{"filename":"fnDAO.js","funcName":"get_available_tables","level":"error","message":"ill-defined parameters","timestamp":"2022-02-10T09:40:53.084Z"}
{"filename":"fnDAO.js","funcName":"get_available_restaurants","level":"info","message":"get_available_tables","timestamp":"2022-02-10T09:40:53.085Z"}
{"filename":"fnDAO.js","funcName":"get_available_tables","level":"info","message":"query successful","timestamp":"2022-02-10T09:40:53.087Z"}
{"filename":"fnDAO.js","funcName":"get_available_tables","level":"info","message":[],"timestamp":"2022-02-10T09:40:53.087Z"}
{"filename":"fnDAO.js","funcName":"get_available_tables","level":"info","message":"get_available_tables","timestamp":"2022-02-10T09:40:53.088Z"}
{"filename":"fnDAO.js","funcName":"get_available_tables","level":"info","message":"query successful","timestamp":"2022-02-10T09:40:53.089Z"}
{"filename":"fnDAO.js","funcName":"get_available_tables","level":"info","message":[{"capacity":6,"id":7},{"capacity":4,"id":5},{"capacity":4,"id":6},{"capacity":2,"id":1},{"capacity":2,"id":2},{"capacity":2,"id":3},{"capacity":2,"id":4}],"timestamp":"2022-02-10T09:40:53.089Z"}
{"filename":"fnDAO.js","funcName":"get_available_tables","level":"info","message":"get_diner_reservations","timestamp":"2022-02-10T09:40:53.092Z"}
{"filename":"fnDAO.js","funcName":"get_diner_reservations","level":"error","message":"ill-defined parameters","timestamp":"2022-02-10T09:40:53.092Z"}
{"filename":"fnDAO.js","funcName":"get_available_tables","level":"info","message":"get_diner_reservations","timestamp":"2022-02-10T09:40:53.092Z"}
{"filename":"fnDAO.js","funcName":"get_diner_reservations","level":"error","message":"ill-defined parameters","timestamp":"2022-02-10T09:40:53.093Z"}
{"filename":"fnDAO.js","funcName":"get_available_tables","level":"info","message":"get_diner_reservations","timestamp":"2022-02-10T09:40:53.094Z"}
{"filename":"fnDAO.js","funcName":"get_diner_reservations","level":"info","message":"query successful","timestamp":"2022-02-10T09:40:53.096Z"}
{"filename":"fnDAO.js","funcName":"get_diner_reservations","level":"info","message":[],"timestamp":"2022-02-10T09:40:53.096Z"}
{"filename":"fnDAO.js","funcName":"get_diner_reservations","level":"info","message":"get_diner_reservations","timestamp":"2022-02-10T09:40:53.097Z"}
{"filename":"fnDAO.js","funcName":"get_diner_reservations","level":"info","message":"query successful","timestamp":"2022-02-10T09:40:53.099Z"}
{"filename":"fnDAO.js","funcName":"get_diner_reservations","level":"info","message":[{"diner_id":1,"end_time":"2022-02-11T04:30:00.000Z","id":149,"rv_id":66,"start_time":"2022-02-11T02:30:00.000Z","ts_cancelled":null,"ts_created":"2022-02-10T09:40:53.026Z"},{"diner_id":2,"end_time":"2022-02-11T04:30:00.000Z","id":150,"rv_id":66,"start_time":"2022-02-11T02:30:00.000Z","ts_cancelled":null,"ts_created":"2022-02-10T09:40:53.026Z"},{"diner_id":3,"end_time":"2022-02-11T04:30:00.000Z","id":151,"rv_id":66,"start_time":"2022-02-11T02:30:00.000Z","ts_cancelled":null,"ts_created":"2022-02-10T09:40:53.026Z"}],"timestamp":"2022-02-10T09:40:53.099Z"}
{"filename":"fnDAO.js","funcName":"get_diner_reservations","level":"info","message":"get_diner_reservations","timestamp":"2022-02-10T09:40:53.100Z"}
{"filename":"fnDAO.js","funcName":"get_diner_reservations","level":"info","message":"query successful","timestamp":"2022-02-10T09:40:53.102Z"}
{"filename":"fnDAO.js","funcName":"get_diner_reservations","level":"info","message":[],"timestamp":"2022-02-10T09:40:53.102Z"}
{"filename":"fnDAO.js","funcName":"get_diner_reservations","level":"info","message":"del_reservation","timestamp":"2022-02-10T09:40:53.105Z"}
{"filename":"fnDAO.js","funcName":"del_reservation","level":"error","message":"ill-defined parameters","timestamp":"2022-02-10T09:40:53.105Z"}
{"filename":"fnDAO.js","funcName":"get_diner_reservations","level":"info","message":"del_reservation","timestamp":"2022-02-10T09:40:53.106Z"}
{"filename":"fnDAO.js","funcName":"del_reservation -> del_reserve","level":"info","message":"query successful","timestamp":"2022-02-10T09:40:53.108Z"}
{"filename":"fnDAO.js","funcName":"del_reservation -> del_reserve","level":"info","message":[],"timestamp":"2022-02-10T09:40:53.108Z"}
{"filename":"fnDAO.js","funcName":"del_reservation -> del_reserved_tables","level":"info","message":"query successful","timestamp":"2022-02-10T09:40:53.109Z"}
{"filename":"fnDAO.js","funcName":"del_reservation -> del_reserved_tables","level":"info","message":[],"timestamp":"2022-02-10T09:40:53.110Z"}
{"filename":"fnDAO.js","funcName":"del_reservation -> del_party","level":"info","message":"query successful","timestamp":"2022-02-10T09:40:53.111Z"}
{"filename":"fnDAO.js","funcName":"del_reservation -> del_party","level":"info","message":[],"timestamp":"2022-02-10T09:40:53.111Z"}
{"filename":"reserve.conroller.js","level":"info","message":"GetViableRestaurants","timestamp":"2022-02-10T09:48:18.026Z"}
{"filename":"reserve.controller.js","funcName":"GetViableRestaurants","level":"info","message":"query: get_dietary_restrictions","timestamp":"2022-02-10T09:48:18.029Z"}
{"filename":"fnDAO.js","level":"info","message":"get_dietary_restrictions","timestamp":"2022-02-10T09:48:18.029Z"}
{"filename":"fnDAO.js","funcName":"get_dietary_restrictions","level":"info","message":"query successful","timestamp":"2022-02-10T09:48:18.164Z"}
{"filename":"fnDAO.js","funcName":"get_dietary_restrictions","level":"info","message":[{"bit_or":3}],"timestamp":"2022-02-10T09:48:18.165Z"}
{"filename":"reserve.controller.js","funcName":"GetViableRestaurants","level":"info","message":"query: get_viable_restaurants","timestamp":"2022-02-10T09:48:18.165Z"}
{"filename":"fnDAO.js","funcName":"get_dietary_restrictions","level":"info","message":"get_viable_restaurants","timestamp":"2022-02-10T09:48:18.165Z"}
{"filename":"fnDAO.js","funcName":"get_viable_restaurants","level":"info","message":"query successful","timestamp":"2022-02-10T09:48:18.169Z"}
{"filename":"fnDAO.js","funcName":"get_viable_restaurants","level":"info","message":[{"diet_restrict":3,"id":2,"name":"Panaderia Rosetta"}],"timestamp":"2022-02-10T09:48:18.169Z"}
{"filename":"reserve.controller.js","funcName":"GetViableRestaurants","level":"info","message":"query: get_available_restaurants","timestamp":"2022-02-10T09:48:18.169Z"}
{"filename":"fnDAO.js","funcName":"get_viable_restaurants","level":"info","message":"get_available_restaurants","timestamp":"2022-02-10T09:48:18.169Z"}
{"filename":"fnDAO.js","funcName":"get_available_restaurants","level":"info","message":"query successful","timestamp":"2022-02-10T09:48:18.177Z"}
{"filename":"fnDAO.js","funcName":"get_available_restaurants","level":"info","message":[{"capacity":"Panaderia Rosetta","id":2}],"timestamp":"2022-02-10T09:48:18.178Z"}
{"filename":"reserve.conroller.js","level":"info","message":"GetViableRestaurants","timestamp":"2022-02-10T09:48:33.308Z"}
{"filename":"reserve.controller.js","funcName":"GetViableRestaurants","level":"error","message":"ill-defined parameters","timestamp":"2022-02-10T09:48:33.308Z"}
{"filename":"reserve.conroller.js","level":"info","message":"GetViableRestaurants","timestamp":"2022-02-10T09:48:43.253Z"}
{"filename":"reserve.controller.js","funcName":"GetViableRestaurants","level":"info","message":"query: get_dietary_restrictions","timestamp":"2022-02-10T09:48:43.254Z"}
{"filename":"fnDAO.js","funcName":"get_available_restaurants","level":"info","message":"get_dietary_restrictions","timestamp":"2022-02-10T09:48:43.254Z"}
{"filename":"fnDAO.js","funcName":"get_dietary_restrictions","level":"info","message":"query successful","timestamp":"2022-02-10T09:48:43.366Z"}
{"filename":"fnDAO.js","funcName":"get_dietary_restrictions","level":"info","message":[{"bit_or":2}],"timestamp":"2022-02-10T09:48:43.366Z"}
{"filename":"reserve.controller.js","funcName":"GetViableRestaurants","level":"info","message":"query: get_viable_restaurants","timestamp":"2022-02-10T09:48:43.366Z"}
{"filename":"fnDAO.js","funcName":"get_dietary_restrictions","level":"info","message":"get_viable_restaurants","timestamp":"2022-02-10T09:48:43.366Z"}
{"filename":"fnDAO.js","funcName":"get_viable_restaurants","level":"info","message":"query successful","timestamp":"2022-02-10T09:48:43.369Z"}
{"filename":"fnDAO.js","funcName":"get_viable_restaurants","level":"info","message":[{"diet_restrict":3,"id":2,"name":"Panaderia Rosetta"},{"diet_restrict":10,"id":5,"name":"u.to.pi.a"}],"timestamp":"2022-02-10T09:48:43.369Z"}
{"filename":"reserve.controller.js","funcName":"GetViableRestaurants","level":"info","message":"query: get_available_restaurants","timestamp":"2022-02-10T09:48:43.369Z"}
{"filename":"fnDAO.js","funcName":"get_viable_restaurants","level":"info","message":"get_available_restaurants","timestamp":"2022-02-10T09:48:43.369Z"}
{"filename":"fnDAO.js","funcName":"get_available_restaurants","level":"info","message":"query successful","timestamp":"2022-02-10T09:48:43.384Z"}
{"filename":"fnDAO.js","funcName":"get_available_restaurants","level":"info","message":[{"capacity":"Panaderia Rosetta","id":2},{"capacity":"u.to.pi.a","id":5}],"timestamp":"2022-02-10T09:48:43.385Z"}
{"filename":"reserve.conroller.js","level":"info","message":"GetViableRestaurants","timestamp":"2022-02-10T09:48:51.310Z"}
{"filename":"reserve.controller.js","funcName":"GetViableRestaurants","level":"info","message":"query: get_dietary_restrictions","timestamp":"2022-02-10T09:48:51.311Z"}
{"filename":"fnDAO.js","funcName":"get_available_restaurants","level":"info","message":"get_dietary_restrictions","timestamp":"2022-02-10T09:48:51.311Z"}
{"filename":"fnDAO.js","funcName":"get_dietary_restrictions","level":"info","message":"query successful","timestamp":"2022-02-10T09:48:51.312Z"}
{"filename":"fnDAO.js","funcName":"get_dietary_restrictions","level":"info","message":[{"bit_or":4}],"timestamp":"2022-02-10T09:48:51.312Z"}
{"filename":"reserve.controller.js","funcName":"GetViableRestaurants","level":"info","message":"query: get_viable_restaurants","timestamp":"2022-02-10T09:48:51.312Z"}
{"filename":"fnDAO.js","funcName":"get_dietary_restrictions","level":"info","message":"get_viable_restaurants","timestamp":"2022-02-10T09:48:51.312Z"}
{"filename":"fnDAO.js","funcName":"get_viable_restaurants","level":"info","message":"query successful","timestamp":"2022-02-10T09:48:51.313Z"}
{"filename":"fnDAO.js","funcName":"get_viable_restaurants","level":"info","message":[{"diet_restrict":5,"id":3,"name":"Tetetlan"}],"timestamp":"2022-02-10T09:48:51.313Z"}
{"filename":"reserve.controller.js","funcName":"GetViableRestaurants","level":"info","message":"query: get_available_restaurants","timestamp":"2022-02-10T09:48:51.313Z"}
{"filename":"fnDAO.js","funcName":"get_viable_restaurants","level":"info","message":"get_available_restaurants","timestamp":"2022-02-10T09:48:51.313Z"}
{"filename":"fnDAO.js","funcName":"get_available_restaurants","level":"info","message":"query successful","timestamp":"2022-02-10T09:48:51.315Z"}
{"filename":"fnDAO.js","funcName":"get_available_restaurants","level":"info","message":[{"capacity":"Tetetlan","id":3}],"timestamp":"2022-02-10T09:48:51.315Z"}
{"filename":"reserve.conroller.js","level":"info","message":"GetViableRestaurants","timestamp":"2022-02-10T09:49:10.482Z"}
{"filename":"reserve.controller.js","funcName":"GetViableRestaurants","level":"info","message":"query: get_dietary_restrictions","timestamp":"2022-02-10T09:49:10.482Z"}
{"filename":"fnDAO.js","funcName":"get_available_restaurants","level":"info","message":"get_dietary_restrictions","timestamp":"2022-02-10T09:49:10.482Z"}
{"filename":"fnDAO.js","funcName":"get_dietary_restrictions","level":"info","message":"query successful","timestamp":"2022-02-10T09:49:10.707Z"}
{"filename":"fnDAO.js","funcName":"get_dietary_restrictions","level":"info","message":[{"bit_or":0}],"timestamp":"2022-02-10T09:49:10.707Z"}
{"filename":"reserve.conroller.js","level":"info","message":"GetViableRestaurants","timestamp":"2022-02-10T09:49:24.466Z"}
{"filename":"reserve.controller.js","funcName":"GetViableRestaurants","level":"info","message":"query: get_dietary_restrictions","timestamp":"2022-02-10T09:49:24.466Z"}
{"filename":"fnDAO.js","funcName":"get_dietary_restrictions","level":"info","message":"get_dietary_restrictions","timestamp":"2022-02-10T09:49:24.466Z"}
{"filename":"fnDAO.js","funcName":"get_dietary_restrictions","level":"info","message":"query successful","timestamp":"2022-02-10T09:49:24.563Z"}
{"filename":"fnDAO.js","funcName":"get_dietary_restrictions","level":"info","message":[{"bit_or":0}],"timestamp":"2022-02-10T09:49:24.563Z"}
{"filename":"reserve.conroller.js","level":"info","message":"GetViableRestaurants","timestamp":"2022-02-10T09:49:29.089Z"}
{"filename":"reserve.controller.js","funcName":"GetViableRestaurants","level":"info","message":"query: get_dietary_restrictions","timestamp":"2022-02-10T09:49:29.089Z"}
{"filename":"fnDAO.js","funcName":"get_dietary_restrictions","level":"info","message":"get_dietary_restrictions","timestamp":"2022-02-10T09:49:29.090Z"}
{"filename":"fnDAO.js","funcName":"get_dietary_restrictions","level":"info","message":"query successful","timestamp":"2022-02-10T09:49:29.091Z"}
{"filename":"fnDAO.js","funcName":"get_dietary_restrictions","level":"info","message":[{"bit_or":4}],"timestamp":"2022-02-10T09:49:29.091Z"}
{"filename":"reserve.controller.js","funcName":"GetViableRestaurants","level":"info","message":"query: get_viable_restaurants","timestamp":"2022-02-10T09:49:29.091Z"}
{"filename":"fnDAO.js","funcName":"get_dietary_restrictions","level":"info","message":"get_viable_restaurants","timestamp":"2022-02-10T09:49:29.091Z"}
{"filename":"fnDAO.js","funcName":"get_viable_restaurants","level":"info","message":"query successful","timestamp":"2022-02-10T09:49:29.094Z"}
{"filename":"fnDAO.js","funcName":"get_viable_restaurants","level":"info","message":[{"diet_restrict":5,"id":3,"name":"Tetetlan"}],"timestamp":"2022-02-10T09:49:29.095Z"}
{"filename":"reserve.controller.js","funcName":"GetViableRestaurants","level":"info","message":"query: get_available_restaurants","timestamp":"2022-02-10T09:49:29.095Z"}
{"filename":"fnDAO.js","funcName":"get_viable_restaurants","level":"info","message":"get_available_restaurants","timestamp":"2022-02-10T09:49:29.095Z"}
{"filename":"fnDAO.js","funcName":"get_available_restaurants","level":"info","message":"query successful","timestamp":"2022-02-10T09:49:29.105Z"}
{"filename":"fnDAO.js","funcName":"get_available_restaurants","level":"info","message":[{"capacity":"Tetetlan","id":3}],"timestamp":"2022-02-10T09:49:29.105Z"}
{"filename":"reserve.conroller.js","level":"info","message":"GetViableRestaurants","timestamp":"2022-02-10T09:49:34.194Z"}
{"filename":"reserve.controller.js","funcName":"GetViableRestaurants","level":"info","message":"query: get_dietary_restrictions","timestamp":"2022-02-10T09:49:34.195Z"}
{"filename":"fnDAO.js","funcName":"get_available_restaurants","level":"info","message":"get_dietary_restrictions","timestamp":"2022-02-10T09:49:34.195Z"}
{"filename":"fnDAO.js","funcName":"get_dietary_restrictions","level":"info","message":"query successful","timestamp":"2022-02-10T09:49:34.196Z"}
{"filename":"fnDAO.js","funcName":"get_dietary_restrictions","level":"info","message":[{"bit_or":8}],"timestamp":"2022-02-10T09:49:34.196Z"}
{"filename":"reserve.controller.js","funcName":"GetViableRestaurants","level":"info","message":"query: get_viable_restaurants","timestamp":"2022-02-10T09:49:34.196Z"}
{"filename":"fnDAO.js","funcName":"get_dietary_restrictions","level":"info","message":"get_viable_restaurants","timestamp":"2022-02-10T09:49:34.196Z"}
{"filename":"fnDAO.js","funcName":"get_viable_restaurants","level":"info","message":"query successful","timestamp":"2022-02-10T09:49:34.197Z"}
{"filename":"fnDAO.js","funcName":"get_viable_restaurants","level":"info","message":[{"diet_restrict":10,"id":5,"name":"u.to.pi.a"}],"timestamp":"2022-02-10T09:49:34.197Z"}
{"filename":"reserve.controller.js","funcName":"GetViableRestaurants","level":"info","message":"query: get_available_restaurants","timestamp":"2022-02-10T09:49:34.197Z"}
{"filename":"fnDAO.js","funcName":"get_viable_restaurants","level":"info","message":"get_available_restaurants","timestamp":"2022-02-10T09:49:34.197Z"}
{"filename":"fnDAO.js","funcName":"get_available_restaurants","level":"info","message":"query successful","timestamp":"2022-02-10T09:49:34.199Z"}
{"filename":"fnDAO.js","funcName":"get_available_restaurants","level":"info","message":[{"capacity":"u.to.pi.a","id":5}],"timestamp":"2022-02-10T09:49:34.199Z"}
{"filename":"reserve.conroller.js","level":"info","message":"GetViableRestaurants","timestamp":"2022-02-10T09:49:39.095Z"}
{"filename":"reserve.controller.js","funcName":"GetViableRestaurants","level":"info","message":"query: get_dietary_restrictions","timestamp":"2022-02-10T09:49:39.096Z"}
{"filename":"fnDAO.js","funcName":"get_available_restaurants","level":"info","message":"get_dietary_restrictions","timestamp":"2022-02-10T09:49:39.096Z"}
{"filename":"fnDAO.js","funcName":"get_dietary_restrictions","level":"info","message":"query successful","timestamp":"2022-02-10T09:49:39.097Z"}
{"filename":"fnDAO.js","funcName":"get_dietary_restrictions","level":"info","message":[{"bit_or":0}],"timestamp":"2022-02-10T09:49:39.097Z"}
{"filename":"reserve.conroller.js","level":"info","message":"GetViableRestaurants","timestamp":"2022-02-10T09:51:52.017Z"}
{"filename":"reserve.controller.js","funcName":"GetViableRestaurants","level":"info","message":"query: get_dietary_restrictions","timestamp":"2022-02-10T09:51:52.019Z"}
{"filename":"fnDAO.js","level":"info","message":"get_dietary_restrictions","timestamp":"2022-02-10T09:51:52.020Z"}
{"filename":"fnDAO.js","funcName":"get_dietary_restrictions","level":"info","message":"query successful","timestamp":"2022-02-10T09:51:52.164Z"}
{"filename":"fnDAO.js","funcName":"get_dietary_restrictions","level":"info","message":[{"bit_or":0}],"timestamp":"2022-02-10T09:51:52.164Z"}
{"filename":"reserve.conroller.js","level":"info","message":"GetViableRestaurants","timestamp":"2022-02-10T09:52:02.018Z"}
{"filename":"reserve.controller.js","funcName":"GetViableRestaurants","level":"info","message":"query: get_dietary_restrictions","timestamp":"2022-02-10T09:52:02.021Z"}
{"filename":"fnDAO.js","level":"info","message":"get_dietary_restrictions","timestamp":"2022-02-10T09:52:02.021Z"}
{"filename":"fnDAO.js","funcName":"get_dietary_restrictions","level":"info","message":"query successful","timestamp":"2022-02-10T09:52:02.154Z"}
{"filename":"fnDAO.js","funcName":"get_dietary_restrictions","level":"info","message":[{"bit_or":0}],"timestamp":"2022-02-10T09:52:02.154Z"}
{"filename":"reserve.controller.js","funcName":"GetViableRestaurants","level":"info","message":"query: get_viable_restaurants","timestamp":"2022-02-10T09:52:02.154Z"}
{"filename":"fnDAO.js","funcName":"get_dietary_restrictions","level":"info","message":"get_viable_restaurants","timestamp":"2022-02-10T09:52:02.155Z"}
{"filename":"fnDAO.js","funcName":"get_viable_restaurants","level":"info","message":"query successful","timestamp":"2022-02-10T09:52:02.159Z"}
{"filename":"fnDAO.js","funcName":"get_viable_restaurants","level":"info","message":[{"diet_restrict":1,"id":1,"name":"Lardo"},{"diet_restrict":3,"id":2,"name":"Panaderia Rosetta"},{"diet_restrict":5,"id":3,"name":"Tetetlan"},{"diet_restrict":0,"id":4,"name":"Falling PIano Brewing Co"},{"diet_restrict":10,"id":5,"name":"u.to.pi.a"}],"timestamp":"2022-02-10T09:52:02.159Z"}
{"filename":"reserve.controller.js","funcName":"GetViableRestaurants","level":"info","message":"query: get_available_restaurants","timestamp":"2022-02-10T09:52:02.159Z"}
{"filename":"fnDAO.js","funcName":"get_viable_restaurants","level":"info","message":"get_available_restaurants","timestamp":"2022-02-10T09:52:02.159Z"}
{"filename":"fnDAO.js","funcName":"get_available_restaurants","level":"info","message":"query successful","timestamp":"2022-02-10T09:52:02.168Z"}
{"filename":"fnDAO.js","funcName":"get_available_restaurants","level":"info","message":[{"capacity":"Lardo","id":1},{"capacity":"Panaderia Rosetta","id":2},{"capacity":"Tetetlan","id":3},{"capacity":"Falling PIano Brewing Co","id":4},{"capacity":"u.to.pi.a","id":5}],"timestamp":"2022-02-10T09:52:02.168Z"}
{"filename":"reserve.conroller.js","level":"info","message":"Reserve","timestamp":"2022-02-10T09:53:59.748Z"}
{"filename":"reserve.controller.js","funcName":"Reserve","level":"info","message":"query: get_diner_reservations","timestamp":"2022-02-10T09:53:59.748Z"}
{"filename":"fnDAO.js","funcName":"get_available_restaurants","level":"info","message":"get_diner_reservations","timestamp":"2022-02-10T09:53:59.749Z"}
{"filename":"fnDAO.js","funcName":"get_diner_reservations","level":"info","message":"query successful","timestamp":"2022-02-10T09:53:59.894Z"}
{"filename":"fnDAO.js","funcName":"get_diner_reservations","level":"info","message":[],"timestamp":"2022-02-10T09:53:59.895Z"}
{"filename":"reserve.controller.js","funcName":"Reserve","level":"info","message":"query: get_available_tables","timestamp":"2022-02-10T09:53:59.895Z"}
{"filename":"fnDAO.js","funcName":"get_diner_reservations","level":"info","message":"get_available_tables","timestamp":"2022-02-10T09:53:59.895Z"}
{"filename":"fnDAO.js","funcName":"get_available_tables","level":"info","message":"query successful","timestamp":"2022-02-10T09:53:59.901Z"}
{"filename":"fnDAO.js","funcName":"get_available_tables","level":"info","message":[{"capacity":6,"id":7},{"capacity":4,"id":5},{"capacity":4,"id":6},{"capacity":2,"id":1},{"capacity":2,"id":2},{"capacity":2,"id":3},{"capacity":2,"id":4}],"timestamp":"2022-02-10T09:53:59.901Z"}
{"filename":"reserve.controller.js","funcName":"Reserve","level":"info","message":"query: post_reservation","timestamp":"2022-02-10T09:53:59.902Z"}
{"filename":"fnDAO.js","funcName":"get_available_tables","level":"info","message":"post_reservation","timestamp":"2022-02-10T09:53:59.902Z"}
{"filename":"fnDAO.js","funcName":"post_reservation -> post_reservation","level":"info","message":"query successful","timestamp":"2022-02-10T09:53:59.911Z"}
{"filename":"fnDAO.js","funcName":"post_reservation -> post_reservation","level":"info","message":[{"id":67}],"timestamp":"2022-02-10T09:53:59.911Z"}
{"filename":"fnDAO.js","funcName":"post_reservation -> post_reserved_tables","level":"info","message":"query successful","timestamp":"2022-02-10T09:53:59.914Z"}
{"filename":"fnDAO.js","funcName":"post_reservation -> post_reserved_tables","level":"info","message":[],"timestamp":"2022-02-10T09:53:59.914Z"}
{"filename":"fnDAO.js","funcName":"post_reservation -> post_party","level":"info","message":"query successful","timestamp":"2022-02-10T09:53:59.917Z"}
{"filename":"fnDAO.js","funcName":"post_reservation -> post_party","level":"info","message":[],"timestamp":"2022-02-10T09:53:59.917Z"}
{"filename":"reserve.controller.js","level":"info","message":"Cancel","timestamp":"2022-02-10T09:54:26.915Z"}
{"filename":"reserve.controller.js","funcName":"Cancel","level":"info","message":"query: find_reservation","timestamp":"2022-02-10T09:54:26.916Z"}
{"filename":"fnDAO.js","funcName":"post_reservation -> post_party","level":"info","message":"find_reservation","timestamp":"2022-02-10T09:54:26.916Z"}
{"filename":"fnDAO.js","funcName":"find_reservation","level":"info","message":"query successful","timestamp":"2022-02-10T09:54:27.006Z"}
{"filename":"fnDAO.js","funcName":"find_reservation","level":"info","message":[{"end_time":"2022-02-16T02:30:00.000Z","id":67,"start_time":"2022-02-16T00:30:00.000Z","ts_cancelled":null,"ts_created":"2022-02-10T09:53:59.903Z"}],"timestamp":"2022-02-10T09:54:27.006Z"}
{"filename":"reserve.controller.js","funcName":"Cancel","level":"info","message":"query: del_reservation","timestamp":"2022-02-10T09:54:27.006Z"}
{"filename":"fnDAO.js","funcName":"find_reservation","level":"info","message":"del_reservation","timestamp":"2022-02-10T09:54:27.006Z"}
{"filename":"fnDAO.js","funcName":"del_reservation -> del_reserve","level":"info","message":"query successful","timestamp":"2022-02-10T09:54:27.014Z"}
{"filename":"fnDAO.js","funcName":"del_reservation -> del_reserve","level":"info","message":[],"timestamp":"2022-02-10T09:54:27.015Z"}
{"filename":"fnDAO.js","funcName":"del_reservation -> del_reserved_tables","level":"info","message":"query successful","timestamp":"2022-02-10T09:54:27.018Z"}
{"filename":"fnDAO.js","funcName":"del_reservation -> del_reserved_tables","level":"info","message":[],"timestamp":"2022-02-10T09:54:27.018Z"}
{"filename":"fnDAO.js","funcName":"del_reservation -> del_party","level":"info","message":"query successful","timestamp":"2022-02-10T09:54:27.021Z"}
{"filename":"fnDAO.js","funcName":"del_reservation -> del_party","level":"info","message":[],"timestamp":"2022-02-10T09:54:27.021Z"}
{"filename":"reserve.conroller.js","level":"info","message":"Reserve","timestamp":"2022-02-10T10:10:44.259Z"}
{"filename":"reserve.controller.js","funcName":"Reserve","level":"info","message":"query: get_diner_reservations","timestamp":"2022-02-10T10:10:44.261Z"}
{"filename":"fnDAO.js","level":"info","message":"get_diner_reservations","timestamp":"2022-02-10T10:10:44.261Z"}
{"filename":"reserve.conroller.js","level":"info","message":"Reserve","timestamp":"2022-02-10T10:13:39.979Z"}
{"filename":"reserve.controller.js","funcName":"Reserve","level":"info","message":"query: get_diner_reservations","timestamp":"2022-02-10T10:13:39.981Z"}
{"filename":"fnDAO.js","level":"info","message":"get_diner_reservations","timestamp":"2022-02-10T10:13:39.981Z"}
{"filename":"fnDAO.js","funcName":"get_diner_reservations","level":"info","message":"query successful","timestamp":"2022-02-10T10:13:40.085Z"}
{"filename":"fnDAO.js","funcName":"get_diner_reservations","level":"info","message":[],"timestamp":"2022-02-10T10:13:40.085Z"}
{"filename":"reserve.controller.js","funcName":"Reserve","level":"info","message":"query: get_available_tables","timestamp":"2022-02-10T10:13:40.085Z"}
{"filename":"fnDAO.js","funcName":"get_diner_reservations","level":"info","message":"get_available_tables","timestamp":"2022-02-10T10:13:40.086Z"}
{"filename":"fnDAO.js","funcName":"get_available_tables","level":"info","message":"query successful","timestamp":"2022-02-10T10:13:40.092Z"}
{"filename":"fnDAO.js","funcName":"get_available_tables","level":"info","message":[{"capacity":6,"id":7},{"capacity":4,"id":5},{"capacity":4,"id":6},{"capacity":2,"id":1},{"capacity":2,"id":2},{"capacity":2,"id":3},{"capacity":2,"id":4}],"timestamp":"2022-02-10T10:13:40.092Z"}
{"filename":"reserve.controller.js","funcName":"Reserve","level":"info","message":"query: post_reservation","timestamp":"2022-02-10T10:13:40.092Z"}
{"filename":"fnDAO.js","funcName":"get_available_tables","level":"info","message":"post_reservation","timestamp":"2022-02-10T10:13:40.093Z"}
{"filename":"fnDAO.js","funcName":"post_reservation -> post_reservation","level":"info","message":"query successful","timestamp":"2022-02-10T10:13:40.099Z"}
{"filename":"fnDAO.js","funcName":"post_reservation -> post_reservation","level":"info","message":[{"id":68}],"timestamp":"2022-02-10T10:13:40.099Z"}
{"filename":"reserve.conroller.js","level":"info","message":"Reserve","timestamp":"2022-02-10T10:15:23.930Z"}
{"filename":"reserve.controller.js","funcName":"Reserve","level":"info","message":"query: get_diner_reservations","timestamp":"2022-02-10T10:15:23.933Z"}
{"filename":"fnDAO.js","level":"info","message":"get_diner_reservations","timestamp":"2022-02-10T10:15:23.933Z"}
{"filename":"fnDAO.js","funcName":"get_diner_reservations","level":"info","message":"query successful","timestamp":"2022-02-10T10:15:24.070Z"}
{"filename":"fnDAO.js","funcName":"get_diner_reservations","level":"info","message":[],"timestamp":"2022-02-10T10:15:24.070Z"}
{"filename":"reserve.controller.js","funcName":"Reserve","level":"info","message":"query: get_available_tables","timestamp":"2022-02-10T10:15:24.070Z"}
{"filename":"fnDAO.js","funcName":"get_diner_reservations","level":"info","message":"get_available_tables","timestamp":"2022-02-10T10:15:24.070Z"}
{"filename":"fnDAO.js","funcName":"get_available_tables","level":"info","message":"query successful","timestamp":"2022-02-10T10:15:24.078Z"}
{"filename":"fnDAO.js","funcName":"get_available_tables","level":"info","message":[{"capacity":6,"id":7},{"capacity":4,"id":5},{"capacity":4,"id":6},{"capacity":2,"id":1},{"capacity":2,"id":2},{"capacity":2,"id":3},{"capacity":2,"id":4}],"timestamp":"2022-02-10T10:15:24.078Z"}
{"filename":"reserve.controller.js","funcName":"Reserve","level":"info","message":"query: post_reservation","timestamp":"2022-02-10T10:15:24.078Z"}
{"filename":"fnDAO.js","funcName":"get_available_tables","level":"info","message":"post_reservation","timestamp":"2022-02-10T10:15:24.079Z"}
{"filename":"fnDAO.js","funcName":"post_reservation -> post_reservation","level":"info","message":"query successful","timestamp":"2022-02-10T10:15:24.087Z"}
{"filename":"fnDAO.js","funcName":"post_reservation -> post_reservation","level":"info","message":[{"id":69}],"timestamp":"2022-02-10T10:15:24.087Z"}
{"filename":"reserve.conroller.js","level":"info","message":"Reserve","timestamp":"2022-02-10T10:17:57.959Z"}
{"filename":"reserve.controller.js","funcName":"Reserve","level":"info","message":"query: get_diner_reservations","timestamp":"2022-02-10T10:17:57.961Z"}
{"filename":"fnDAO.js","level":"info","message":"get_diner_reservations","timestamp":"2022-02-10T10:17:57.962Z"}
{"filename":"fnDAO.js","funcName":"get_diner_reservations","level":"info","message":"query successful","timestamp":"2022-02-10T10:17:58.101Z"}
{"filename":"fnDAO.js","funcName":"get_diner_reservations","level":"info","message":[],"timestamp":"2022-02-10T10:17:58.101Z"}
{"filename":"reserve.controller.js","funcName":"Reserve","level":"info","message":"query: get_available_tables","timestamp":"2022-02-10T10:17:58.101Z"}
{"filename":"fnDAO.js","funcName":"get_diner_reservations","level":"info","message":"get_available_tables","timestamp":"2022-02-10T10:17:58.101Z"}
{"filename":"fnDAO.js","funcName":"get_available_tables","level":"info","message":"query successful","timestamp":"2022-02-10T10:17:58.107Z"}
{"filename":"fnDAO.js","funcName":"get_available_tables","level":"info","message":[{"capacity":6,"id":7},{"capacity":4,"id":5},{"capacity":4,"id":6},{"capacity":2,"id":1},{"capacity":2,"id":2},{"capacity":2,"id":3},{"capacity":2,"id":4}],"timestamp":"2022-02-10T10:17:58.108Z"}
{"filename":"reserve.controller.js","funcName":"Reserve","level":"info","message":"query: post_reservation","timestamp":"2022-02-10T10:17:58.108Z"}
{"filename":"fnDAO.js","funcName":"get_available_tables","level":"info","message":"post_reservation","timestamp":"2022-02-10T10:17:58.108Z"}
{"filename":"fnDAO.js","funcName":"post_reservation -> post_reservation","level":"info","message":"query successful","timestamp":"2022-02-10T10:17:58.118Z"}
{"filename":"fnDAO.js","funcName":"post_reservation -> post_reservation","level":"info","message":[{"id":70}],"timestamp":"2022-02-10T10:17:58.118Z"}
{"filename":"reserve.conroller.js","level":"info","message":"Reserve","timestamp":"2022-02-10T10:18:09.498Z"}
{"filename":"reserve.controller.js","funcName":"Reserve","level":"info","message":"query: get_diner_reservations","timestamp":"2022-02-10T10:18:09.499Z"}
{"filename":"fnDAO.js","level":"info","message":"get_diner_reservations","timestamp":"2022-02-10T10:18:09.499Z"}
{"filename":"fnDAO.js","funcName":"get_diner_reservations","level":"info","message":"query successful","timestamp":"2022-02-10T10:18:09.658Z"}
{"filename":"fnDAO.js","funcName":"get_diner_reservations","level":"info","message":[],"timestamp":"2022-02-10T10:18:09.658Z"}
{"filename":"reserve.controller.js","funcName":"Reserve","level":"info","message":"query: get_available_tables","timestamp":"2022-02-10T10:18:09.658Z"}
{"filename":"fnDAO.js","funcName":"get_diner_reservations","level":"info","message":"get_available_tables","timestamp":"2022-02-10T10:18:09.658Z"}
{"filename":"fnDAO.js","funcName":"get_available_tables","level":"info","message":"query successful","timestamp":"2022-02-10T10:18:09.664Z"}
{"filename":"fnDAO.js","funcName":"get_available_tables","level":"info","message":[{"capacity":6,"id":7},{"capacity":4,"id":5},{"capacity":4,"id":6},{"capacity":2,"id":1},{"capacity":2,"id":2},{"capacity":2,"id":3},{"capacity":2,"id":4}],"timestamp":"2022-02-10T10:18:09.664Z"}
{"filename":"reserve.controller.js","funcName":"Reserve","level":"info","message":"query: post_reservation","timestamp":"2022-02-10T10:18:09.665Z"}
{"filename":"fnDAO.js","funcName":"get_available_tables","level":"info","message":"post_reservation","timestamp":"2022-02-10T10:18:09.665Z"}
{"filename":"fnDAO.js","funcName":"post_reservation -> post_reservation","level":"info","message":"query successful","timestamp":"2022-02-10T10:18:09.674Z"}
{"filename":"fnDAO.js","funcName":"post_reservation -> post_reservation","level":"info","message":[{"id":71}],"timestamp":"2022-02-10T10:18:09.674Z"}
{"filename":"reserve.conroller.js","level":"info","message":"Reserve","timestamp":"2022-02-10T10:18:57.519Z"}
{"filename":"reserve.controller.js","funcName":"Reserve","level":"info","message":"query: get_diner_reservations","timestamp":"2022-02-10T10:18:57.522Z"}
{"filename":"fnDAO.js","level":"info","message":"get_diner_reservations","timestamp":"2022-02-10T10:18:57.522Z"}
{"filename":"fnDAO.js","funcName":"get_diner_reservations","level":"info","message":"query successful","timestamp":"2022-02-10T10:18:57.640Z"}
{"filename":"fnDAO.js","funcName":"get_diner_reservations","level":"info","message":[],"timestamp":"2022-02-10T10:18:57.641Z"}
{"filename":"reserve.controller.js","funcName":"Reserve","level":"info","message":"query: get_available_tables","timestamp":"2022-02-10T10:18:57.641Z"}
{"filename":"fnDAO.js","funcName":"get_diner_reservations","level":"info","message":"get_available_tables","timestamp":"2022-02-10T10:18:57.641Z"}
{"filename":"fnDAO.js","funcName":"get_available_tables","level":"info","message":"query successful","timestamp":"2022-02-10T10:18:57.647Z"}
{"filename":"fnDAO.js","funcName":"get_available_tables","level":"info","message":[{"capacity":6,"id":7},{"capacity":4,"id":5},{"capacity":4,"id":6},{"capacity":2,"id":1},{"capacity":2,"id":2},{"capacity":2,"id":3},{"capacity":2,"id":4}],"timestamp":"2022-02-10T10:18:57.647Z"}
{"filename":"reserve.controller.js","funcName":"Reserve","level":"info","message":"query: post_reservation","timestamp":"2022-02-10T10:18:57.648Z"}
{"filename":"fnDAO.js","funcName":"get_available_tables","level":"info","message":"post_reservation","timestamp":"2022-02-10T10:18:57.648Z"}
{"filename":"fnDAO.js","funcName":"post_reservation -> post_reservation","level":"info","message":"query successful","timestamp":"2022-02-10T10:18:57.662Z"}
{"filename":"fnDAO.js","funcName":"post_reservation -> post_reservation","level":"info","message":[{"id":72}],"timestamp":"2022-02-10T10:18:57.662Z"}
{"filename":"reserve.conroller.js","level":"info","message":"Reserve","timestamp":"2022-02-10T10:19:59.109Z"}
{"filename":"reserve.controller.js","funcName":"Reserve","level":"info","message":"query: get_diner_reservations","timestamp":"2022-02-10T10:19:59.111Z"}
{"filename":"fnDAO.js","level":"info","message":"get_diner_reservations","timestamp":"2022-02-10T10:19:59.112Z"}
{"filename":"fnDAO.js","funcName":"get_diner_reservations","level":"info","message":"query successful","timestamp":"2022-02-10T10:19:59.225Z"}
{"filename":"fnDAO.js","funcName":"get_diner_reservations","level":"info","message":[],"timestamp":"2022-02-10T10:19:59.225Z"}
{"filename":"reserve.controller.js","funcName":"Reserve","level":"info","message":"query: get_available_tables","timestamp":"2022-02-10T10:19:59.225Z"}
{"filename":"fnDAO.js","funcName":"get_diner_reservations","level":"info","message":"get_available_tables","timestamp":"2022-02-10T10:19:59.226Z"}
{"filename":"fnDAO.js","funcName":"get_available_tables","level":"info","message":"query successful","timestamp":"2022-02-10T10:19:59.231Z"}
{"filename":"fnDAO.js","funcName":"get_available_tables","level":"info","message":[{"capacity":6,"id":7},{"capacity":4,"id":5},{"capacity":4,"id":6},{"capacity":2,"id":1},{"capacity":2,"id":2},{"capacity":2,"id":3},{"capacity":2,"id":4}],"timestamp":"2022-02-10T10:19:59.231Z"}
{"filename":"reserve.controller.js","funcName":"Reserve","level":"info","message":"query: post_reservation","timestamp":"2022-02-10T10:19:59.232Z"}
{"filename":"fnDAO.js","funcName":"get_available_tables","level":"info","message":"post_reservation","timestamp":"2022-02-10T10:19:59.232Z"}
{"filename":"fnDAO.js","funcName":"post_reservation -> post_reservation","level":"info","message":"query successful","timestamp":"2022-02-10T10:19:59.239Z"}
{"filename":"fnDAO.js","funcName":"post_reservation -> post_reservation","level":"info","message":[{"id":73}],"timestamp":"2022-02-10T10:19:59.239Z"}
{"filename":"fnDAO.js","funcName":"post_reservation -> post_reserved_tables","level":"info","message":"query successful","timestamp":"2022-02-10T10:19:59.243Z"}
{"filename":"fnDAO.js","funcName":"post_reservation -> post_reserved_tables","level":"info","message":[],"timestamp":"2022-02-10T10:19:59.243Z"}
{"filename":"fnDAO.js","funcName":"post_reservation -> post_party","level":"info","message":"query successful","timestamp":"2022-02-10T10:19:59.245Z"}
{"filename":"fnDAO.js","funcName":"post_reservation -> post_party","level":"info","message":[],"timestamp":"2022-02-10T10:19:59.245Z"}
